<?xml version="1.0" encoding="UTF-8"?>
<coverage generated="1699578199695" clover="3.2.0">
  <project timestamp="1699578199695" name="All files">
    <metrics statements="20" coveredstatements="18" conditionals="12" coveredconditionals="10" methods="1" coveredmethods="1" elements="33" coveredelements="29" complexity="0" loc="20" ncloc="20" packages="1" files="2" classes="2"/>
    <file name="errors.js" path="/workspaces/oss-pr-monitor/src/errors.js">
      <metrics statements="2" coveredstatements="2" conditionals="0" coveredconditionals="0" methods="0" coveredmethods="0"/>
      <line num="1" count="1" type="stmt"/>
      <line num="4" count="1" type="stmt"/>
    </file>
    <file name="oss-pr-monitor.js" path="/workspaces/oss-pr-monitor/src/oss-pr-monitor.js">
      <metrics statements="18" coveredstatements="16" conditionals="12" coveredconditionals="10" methods="1" coveredmethods="1"/>
      <line num="5" count="1" type="stmt"/>
      <line num="6" count="4" type="stmt"/>
      <line num="7" count="4" type="cond" truecount="2" falsecount="0"/>
      <line num="8" count="1" type="stmt"/>
      <line num="11" count="3" type="stmt"/>
      <line num="12" count="3" type="stmt"/>
      <line num="14" count="3" type="cond" truecount="1" falsecount="1"/>
      <line num="15" count="0" type="stmt"/>
      <line num="19" count="3" type="stmt"/>
      <line num="20" count="3" type="cond" truecount="3" falsecount="1"/>
      <line num="21" count="0" type="stmt"/>
      <line num="25" count="3" type="cond" truecount="2" falsecount="0"/>
      <line num="26" count="3" type="cond" truecount="2" falsecount="0"/>
      <line num="27" count="2" type="stmt"/>
      <line num="28" count="2" type="stmt"/>
      <line num="35" count="3" type="stmt"/>
      <line num="36" count="3" type="stmt"/>
      <line num="42" count="3" type="stmt"/>
    </file>
  </project>
</coverage>
