{"/workspaces/oss-pr-monitor/src/errors.js": {"path":"/workspaces/oss-pr-monitor/src/errors.js","statementMap":{"0":{"start":{"line":1,"column":27},"end":{"line":3,"column":1}},"1":{"start":{"line":4,"column":23},"end":{"line":6,"column":1}}},"fnMap":{},"branchMap":{},"s":{"0":1,"1":1},"f":{},"b":{},"_coverageSchema":"1a1c01bbd47fc00a2c39e90264f33305004495a9","hash":"98e339ed4fa79ae756612a4ac3c8ebb46a5a51e3"}
,"/workspaces/oss-pr-monitor/src/oss-pr-monitor.js": {"path":"/workspaces/oss-pr-monitor/src/oss-pr-monitor.js","statementMap":{"0":{"start":{"line":5,"column":19},"end":{"line":52,"column":1}},"1":{"start":{"line":6,"column":18},"end":{"line":6,"column":32}},"2":{"start":{"line":7,"column":2},"end":{"line":9,"column":3}},"3":{"start":{"line":8,"column":4},"end":{"line":8,"column":29}},"4":{"start":{"line":11,"column":14},"end":{"line":11,"column":47}},"5":{"start":{"line":12,"column":2},"end":{"line":19,"column":3}},"6":{"start":{"line":13,"column":4},"end":{"line":13,"column":42}},"7":{"start":{"line":15,"column":4},"end":{"line":15,"column":69}},"8":{"start":{"line":16,"column":4},"end":{"line":18,"column":6}},"9":{"start":{"line":21,"column":17},"end":{"line":21,"column":41}},"10":{"start":{"line":23,"column":2},"end":{"line":25,"column":3}},"11":{"start":{"line":24,"column":4},"end":{"line":24,"column":29}},"12":{"start":{"line":28,"column":27},"end":{"line":28,"column":74}},"13":{"start":{"line":29,"column":2},"end":{"line":31,"column":3}},"14":{"start":{"line":30,"column":4},"end":{"line":30,"column":29}},"15":{"start":{"line":34,"column":15},"end":{"line":34,"column":45}},"16":{"start":{"line":35,"column":2},"end":{"line":42,"column":3}},"17":{"start":{"line":36,"column":4},"end":{"line":36,"column":36}},"18":{"start":{"line":37,"column":4},"end":{"line":41,"column":7}},"19":{"start":{"line":44,"column":2},"end":{"line":44,"column":62}},"20":{"start":{"line":45,"column":2},"end":{"line":49,"column":5}},"21":{"start":{"line":51,"column":2},"end":{"line":51,"column":61}}},"fnMap":{"0":{"name":"(anonymous_0)","decl":{"start":{"line":5,"column":19},"end":{"line":5,"column":20}},"loc":{"start":{"line":5,"column":31},"end":{"line":52,"column":1}},"line":5}},"branchMap":{"0":{"loc":{"start":{"line":7,"column":2},"end":{"line":9,"column":3}},"type":"if","locations":[{"start":{"line":7,"column":2},"end":{"line":9,"column":3}},{"start":{},"end":{}}],"line":7},"1":{"loc":{"start":{"line":11,"column":14},"end":{"line":11,"column":47}},"type":"binary-expr","locations":[{"start":{"line":11,"column":14},"end":{"line":11,"column":41}},{"start":{"line":11,"column":45},"end":{"line":11,"column":47}}],"line":11},"2":{"loc":{"start":{"line":12,"column":2},"end":{"line":19,"column":3}},"type":"if","locations":[{"start":{"line":12,"column":2},"end":{"line":19,"column":3}},{"start":{"line":14,"column":9},"end":{"line":19,"column":3}}],"line":12},"3":{"loc":{"start":{"line":23,"column":2},"end":{"line":25,"column":3}},"type":"if","locations":[{"start":{"line":23,"column":2},"end":{"line":25,"column":3}},{"start":{},"end":{}}],"line":23},"4":{"loc":{"start":{"line":29,"column":2},"end":{"line":31,"column":3}},"type":"if","locations":[{"start":{"line":29,"column":2},"end":{"line":31,"column":3}},{"start":{},"end":{}}],"line":29},"5":{"loc":{"start":{"line":29,"column":6},"end":{"line":29,"column":71}},"type":"binary-expr","locations":[{"start":{"line":29,"column":6},"end":{"line":29,"column":37}},{"start":{"line":29,"column":41},"end":{"line":29,"column":71}}],"line":29},"6":{"loc":{"start":{"line":34,"column":15},"end":{"line":34,"column":45}},"type":"binary-expr","locations":[{"start":{"line":34,"column":15},"end":{"line":34,"column":39}},{"start":{"line":34,"column":43},"end":{"line":34,"column":45}}],"line":34},"7":{"loc":{"start":{"line":35,"column":2},"end":{"line":42,"column":3}},"type":"if","locations":[{"start":{"line":35,"column":2},"end":{"line":42,"column":3}},{"start":{},"end":{}}],"line":35}},"s":{"0":1,"1":8,"2":8,"3":1,"4":7,"5":7,"6":3,"7":4,"8":4,"9":7,"10":7,"11":1,"12":6,"13":6,"14":2,"15":4,"16":4,"17":2,"18":2,"19":4,"20":4,"21":4},"f":{"0":8},"b":{"0":[1,7],"1":[7,3],"2":[3,4],"3":[1,6],"4":[2,4],"5":[6,5],"6":[4,2],"7":[2,2]},"_coverageSchema":"1a1c01bbd47fc00a2c39e90264f33305004495a9","hash":"48a83dcbcd3bd4062c7543f1555ca22ed3365252"}
}
