TN:
SF:src/errors.js
FNF:0
FNH:0
DA:1,1
DA:4,1
LF:2
LH:2
BRF:0
BRH:0
end_of_record
TN:
SF:src/oss-pr-monitor.js
FN:5,(anonymous_0)
FNF:1
FNH:1
FNDA:8,(anonymous_0)
DA:5,1
DA:6,8
DA:7,8
DA:8,1
DA:11,7
DA:12,7
DA:13,3
DA:15,4
DA:16,4
DA:21,7
DA:23,7
DA:24,1
DA:28,6
DA:29,6
DA:30,2
DA:34,4
DA:35,4
DA:36,2
DA:37,2
DA:44,4
DA:45,4
DA:51,4
LF:22
LH:22
BRDA:7,0,0,1
BRDA:7,0,1,7
BRDA:11,1,0,7
BRDA:11,1,1,3
BRDA:12,2,0,3
BRDA:12,2,1,4
BRDA:23,3,0,1
BRDA:23,3,1,6
BRDA:29,4,0,2
BRDA:29,4,1,4
BRDA:29,5,0,6
BRDA:29,5,1,5
BRDA:34,6,0,4
BRDA:34,6,1,2
BRDA:35,7,0,2
BRDA:35,7,1,2
BRF:16
BRH:16
end_of_record
