TN:
SF:src/errors.js
FNF:0
FNH:0
DA:1,1
DA:4,1
LF:2
LH:2
BRF:0
BRH:0
end_of_record
TN:
SF:src/oss-pr-monitor.js
FN:5,(anonymous_0)
FNF:1
FNH:1
FNDA:4,(anonymous_0)
DA:5,1
DA:6,4
DA:7,4
DA:8,1
DA:11,3
DA:12,3
DA:14,3
DA:15,0
DA:19,3
DA:20,3
DA:21,0
DA:25,3
DA:26,3
DA:27,2
DA:28,2
DA:35,3
DA:36,3
DA:42,3
LF:18
LH:16
BRDA:7,0,0,1
BRDA:7,0,1,3
BRDA:14,1,0,0
BRDA:14,1,1,3
BRDA:20,2,0,0
BRDA:20,2,1,3
BRDA:20,3,0,3
BRDA:20,3,1,3
BRDA:25,4,0,3
BRDA:25,4,1,1
BRDA:26,5,0,2
BRDA:26,5,1,1
BRF:12
BRH:10
end_of_record
